{"/Users/yewei/Project/source-code-realize/play-webpack/lib/yw-build-webpack/config/webpack.common.js":{"path":"/Users/yewei/Project/source-code-realize/play-webpack/lib/yw-build-webpack/config/webpack.common.js","s":{"1":1,"2":1,"3":1,"4":1,"5":1,"6":1,"7":1,"8":1,"9":1,"10":1,"11":3,"12":3,"13":3,"14":3,"15":1,"16":1,"17":1,"18":0,"19":0,"20":0},"b":{"1":[0,0],"2":[0,0,0]},"f":{"1":1,"2":0},"fnMap":{"1":{"name":"setMpa","line":8,"loc":{"start":{"line":8,"column":0},"end":{"line":8,"column":18}}},"2":{"name":"handleError","line":67,"loc":{"start":{"line":67,"column":4},"end":{"line":67,"column":27}}}},"statementMap":{"1":{"start":{"line":1,"column":0},"end":{"line":1,"column":57}},"2":{"start":{"line":2,"column":0},"end":{"line":2,"column":29}},"3":{"start":{"line":3,"column":0},"end":{"line":3,"column":29}},"4":{"start":{"line":4,"column":0},"end":{"line":4,"column":78}},"5":{"start":{"line":5,"column":0},"end":{"line":5,"column":35}},"6":{"start":{"line":8,"column":0},"end":{"line":33,"column":1}},"7":{"start":{"line":9,"column":2},"end":{"line":9,"column":19}},"8":{"start":{"line":10,"column":2},"end":{"line":10,"column":32}},"9":{"start":{"line":12,"column":2},"end":{"line":12,"column":79}},"10":{"start":{"line":14,"column":2},"end":{"line":27,"column":5}},"11":{"start":{"line":15,"column":4},"end":{"line":15,"column":64}},"12":{"start":{"line":17,"column":4},"end":{"line":17,"column":27}},"13":{"start":{"line":18,"column":4},"end":{"line":24,"column":6}},"14":{"start":{"line":26,"column":4},"end":{"line":26,"column":16}},"15":{"start":{"line":29,"column":2},"end":{"line":32,"column":4}},"16":{"start":{"line":35,"column":0},"end":{"line":35,"column":47}},"17":{"start":{"line":37,"column":0},"end":{"line":80,"column":2}},"18":{"start":{"line":69,"column":6},"end":{"line":77,"column":9}},"19":{"start":{"line":70,"column":8},"end":{"line":76,"column":9}},"20":{"start":{"line":75,"column":10},"end":{"line":75,"column":26}}},"branchMap":{"1":{"line":70,"type":"if","locations":[{"start":{"line":70,"column":8},"end":{"line":70,"column":8}},{"start":{"line":70,"column":8},"end":{"line":70,"column":8}}]},"2":{"line":71,"type":"binary-expr","locations":[{"start":{"line":71,"column":10},"end":{"line":71,"column":34}},{"start":{"line":72,"column":10},"end":{"line":72,"column":41}},{"start":{"line":73,"column":10},"end":{"line":73,"column":42}}]}}}}